# JRE version: Java(TM) SE Runtime Environment (8.0_251-b08) (build 1.8.0_251-b08)
# Java VM: Java HotSpot(TM) 64-Bit Server VM (25.251-b08 mixed mode windows-amd64 compressed oops)
Heap:
 PSYoungGen      total 161280K, used 0K [0x00000000eab00000, 0x00000000f5300000, 0x0000000100000000)
  eden space 150528K, 0% used [0x00000000eab00000,0x00000000eab00000,0x00000000f3e00000)
  from space 10752K, 0% used [0x00000000f3e00000,0x00000000f3e00000,0x00000000f4880000)
  to   space 10752K, 0% used [0x00000000f4880000,0x00000000f4880000,0x00000000f5300000)
 ParOldGen       total 359424K, used 1529K [0x00000000c0000000, 0x00000000d5f00000, 0x00000000eab00000)
  object space 359424K, 0% used [0x00000000c0000000,0x00000000c017e6d8,0x00000000d5f00000)
 Metaspace       used 5323K, capacity 5582K, committed 5888K, reserved 1056768K
  class space    used 581K, capacity 685K, committed 768K, reserved 1048576K
GC Heap History (10 events):
Event: 4.179 GC heap before
{Heap before GC invocations=17 (full 8):
 PSYoungGen      total 140800K, used 4864K [0x00000000eab00000, 0x00000000f5300000, 0x0000000100000000)
  eden space 130048K, 0% used [0x00000000eab00000,0x00000000eab00000,0x00000000f2a00000)
  from space 10752K, 45% used [0x00000000f2a00000,0x00000000f2ec0000,0x00000000f3480000)
  to   space 10752K, 0% used [0x00000000f4880000,0x00000000f4880000,0x00000000f5300000)
 ParOldGen       total 359424K, used 169568K [0x00000000c0000000, 0x00000000d5f00000, 0x00000000eab00000)
  object space 359424K, 47% used [0x00000000c0000000,0x00000000ca598070,0x00000000d5f00000)
 Metaspace       used 5095K, capacity 5366K, committed 5632K, reserved 1056768K
  class space    used 568K, capacity 681K, committed 768K, reserved 1048576K
Event: 4.390 GC heap after
Heap after GC invocations=17 (full 8):
 PSYoungGen      total 140800K, used 0K [0x00000000eab00000, 0x00000000f5300000, 0x0000000100000000)
  eden space 130048K, 0% used [0x00000000eab00000,0x00000000eab00000,0x00000000f2a00000)
  from space 10752K, 0% used [0x00000000f2a00000,0x00000000f2a00000,0x00000000f3480000)
  to   space 10752K, 0% used [0x00000000f4880000,0x00000000f4880000,0x00000000f5300000)
 ParOldGen       total 359424K, used 174269K [0x00000000c0000000, 0x00000000d5f00000, 0x00000000eab00000)
  object space 359424K, 48% used [0x00000000c0000000,0x00000000caa2f4f8,0x00000000d5f00000)
 Metaspace       used 5095K, capacity 5366K, committed 5632K, reserved 1056768K
  class space    used 568K, capacity 681K, committed 768K, reserved 1048576K
}
Event: 7.072 GC heap before
{Heap before GC invocations=18 (full 8):
 PSYoungGen      total 140800K, used 102086K [0x00000000eab00000, 0x00000000f5300000, 0x0000000100000000)
  eden space 130048K, 78% used [0x00000000eab00000,0x00000000f0eb1ab8,0x00000000f2a00000)
  from space 10752K, 0% used [0x00000000f2a00000,0x00000000f2a00000,0x00000000f3480000)
  to   space 10752K, 0% used [0x00000000f4880000,0x00000000f4880000,0x00000000f5300000)
 ParOldGen       total 359424K, used 174269K [0x00000000c0000000, 0x00000000d5f00000, 0x00000000eab00000)
  object space 359424K, 48% used [0x00000000c0000000,0x00000000caa2f4f8,0x00000000d5f00000)
 Metaspace       used 5323K, capacity 5582K, committed 5888K, reserved 1056768K
  class space    used 581K, capacity 685K, committed 768K, reserved 1048576K
Event: 7.114 GC heap after
Heap after GC invocations=18 (full 8):
 PSYoungGen      total 161280K, used 10752K [0x00000000eab00000, 0x00000000f5300000, 0x0000000100000000)
  eden space 150528K, 0% used [0x00000000eab00000,0x00000000eab00000,0x00000000f3e00000)
  from space 10752K, 100% used [0x00000000f4880000,0x00000000f5300000,0x00000000f5300000)
  to   space 10752K, 0% used [0x00000000f3e00000,0x00000000f3e00000,0x00000000f4880000)
 ParOldGen       total 359424K, used 174998K [0x00000000c0000000, 0x00000000d5f00000, 0x00000000eab00000)
  object space 359424K, 48% used [0x00000000c0000000,0x00000000caae59f0,0x00000000d5f00000)
 Metaspace       used 5323K, capacity 5582K, committed 5888K, reserved 1056768K
  class space    used 581K, capacity 685K, committed 768K, reserved 1048576K
}
Event: 7.114 GC heap before
{Heap before GC invocations=19 (full 9):
 PSYoungGen      total 161280K, used 10752K [0x00000000eab00000, 0x00000000f5300000, 0x0000000100000000)
  eden space 150528K, 0% used [0x00000000eab00000,0x00000000eab00000,0x00000000f3e00000)
  from space 10752K, 100% used [0x00000000f4880000,0x00000000f5300000,0x00000000f5300000)
  to   space 10752K, 0% used [0x00000000f3e00000,0x00000000f3e00000,0x00000000f4880000)
 ParOldGen       total 359424K, used 174998K [0x00000000c0000000, 0x00000000d5f00000, 0x00000000eab00000)
  object space 359424K, 48% used [0x00000000c0000000,0x00000000caae59f0,0x00000000d5f00000)
 Metaspace       used 5323K, capacity 5582K, committed 5888K, reserved 1056768K
  class space    used 581K, capacity 685K, committed 768K, reserved 1048576K
Event: 7.678 GC heap after
Heap after GC invocations=19 (full 9):
 PSYoungGen      total 161280K, used 0K [0x00000000eab00000, 0x00000000f5300000, 0x0000000100000000)
  eden space 150528K, 0% used [0x00000000eab00000,0x00000000eab00000,0x00000000f3e00000)
  from space 10752K, 0% used [0x00000000f4880000,0x00000000f4880000,0x00000000f5300000)
  to   space 10752K, 0% used [0x00000000f3e00000,0x00000000f3e00000,0x00000000f4880000)
 ParOldGen       total 359424K, used 172955K [0x00000000c0000000, 0x00000000d5f00000, 0x00000000eab00000)
  object space 359424K, 48% used [0x00000000c0000000,0x00000000ca8e6ef8,0x00000000d5f00000)
 Metaspace       used 5323K, capacity 5582K, committed 5888K, reserved 1056768K
  class space    used 581K, capacity 685K, committed 768K, reserved 1048576K
}
Event: 7.680 GC heap before
{Heap before GC invocations=20 (full 9):
 PSYoungGen      total 161280K, used 636K [0x00000000eab00000, 0x00000000f5300000, 0x0000000100000000)
  eden space 150528K, 0% used [0x00000000eab00000,0x00000000eab9f030,0x00000000f3e00000)
  from space 10752K, 0% used [0x00000000f4880000,0x00000000f4880000,0x00000000f5300000)
  to   space 10752K, 0% used [0x00000000f3e00000,0x00000000f3e00000,0x00000000f4880000)
 ParOldGen       total 359424K, used 172955K [0x00000000c0000000, 0x00000000d5f00000, 0x00000000eab00000)
  object space 359424K, 48% used [0x00000000c0000000,0x00000000ca8e6ef8,0x00000000d5f00000)
 Metaspace       used 5323K, capacity 5582K, committed 5888K, reserved 1056768K
  class space    used 581K, capacity 685K, committed 768K, reserved 1048576K
Event: 7.681 GC heap after
Heap after GC invocations=20 (full 9):
 PSYoungGen      total 161280K, used 64K [0x00000000eab00000, 0x00000000f5300000, 0x0000000100000000)
  eden space 150528K, 0% used [0x00000000eab00000,0x00000000eab00000,0x00000000f3e00000)
  from space 10752K, 0% used [0x00000000f3e00000,0x00000000f3e10000,0x00000000f4880000)
  to   space 10752K, 0% used [0x00000000f4880000,0x00000000f4880000,0x00000000f5300000)
 ParOldGen       total 359424K, used 172955K [0x00000000c0000000, 0x00000000d5f00000, 0x00000000eab00000)
  object space 359424K, 48% used [0x00000000c0000000,0x00000000ca8e6ef8,0x00000000d5f00000)
 Metaspace       used 5323K, capacity 5582K, committed 5888K, reserved 1056768K
  class space    used 581K, capacity 685K, committed 768K, reserved 1048576K
}
Event: 7.681 GC heap before
{Heap before GC invocations=21 (full 10):
 PSYoungGen      total 161280K, used 64K [0x00000000eab00000, 0x00000000f5300000, 0x0000000100000000)
  eden space 150528K, 0% used [0x00000000eab00000,0x00000000eab00000,0x00000000f3e00000)
  from space 10752K, 0% used [0x00000000f3e00000,0x00000000f3e10000,0x00000000f4880000)
  to   space 10752K, 0% used [0x00000000f4880000,0x00000000f4880000,0x00000000f5300000)
 ParOldGen       total 359424K, used 172955K [0x00000000c0000000, 0x00000000d5f00000, 0x00000000eab00000)
  object space 359424K, 48% used [0x00000000c0000000,0x00000000ca8e6ef8,0x00000000d5f00000)
 Metaspace       used 5323K, capacity 5582K, committed 5888K, reserved 1056768K
  class space    used 581K, capacity 685K, committed 768K, reserved 1048576K
Event: 7.703 GC heap after
Heap after GC invocations=21 (full 10):
 PSYoungGen      total 161280K, used 0K [0x00000000eab00000, 0x00000000f5300000, 0x0000000100000000)
  eden space 150528K, 0% used [0x00000000eab00000,0x00000000eab00000,0x00000000f3e00000)
  from space 10752K, 0% used [0x00000000f3e00000,0x00000000f3e00000,0x00000000f4880000)
  to   space 10752K, 0% used [0x00000000f4880000,0x00000000f4880000,0x00000000f5300000)
 ParOldGen       total 359424K, used 1529K [0x00000000c0000000, 0x00000000d5f00000, 0x00000000eab00000)
  object space 359424K, 0% used [0x00000000c0000000,0x00000000c017e6d8,0x00000000d5f00000)
 Metaspace       used 5323K, capacity 5582K, committed 5888K, reserved 1056768K
  class space    used 581K, capacity 685K, committed 768K, reserved 1048576K
}

